<?xml version="1.0" encoding="UTF-8"?>
<testng-results skipped="0" failed="0" total="1" passed="1">
  <reporter-output>
  </reporter-output>
  <suite name="Default suite" duration-ms="36599" started-at="2020-06-30T08:41:15Z" finished-at="2020-06-30T08:41:52Z">
    <groups>
    </groups>
    <test name="Default test" duration-ms="36599" started-at="2020-06-30T08:41:15Z" finished-at="2020-06-30T08:41:52Z">
      <class name="org.read.TaskPurple">
        <test-method status="PASS" signature="purple()[pri:0, instance:org.read.TaskPurple@28feb3fa]" name="purple" duration-ms="36553" started-at="2020-06-30T01:41:15Z" finished-at="2020-06-30T01:41:51Z">
          <reporter-output>
          </reporter-output>
        </test-method> <!-- purple -->
      </class> <!-- org.read.TaskPurple -->
    </test> <!-- Default test -->
  </suite> <!-- Default suite -->
</testng-results>
